time="2022-12-08T16:44:22.038081001Z" level=info msg="starting containerd" revision=9cd3357b7fd7218e4aec3eae239db1f68a5a6ec6 version=v1.6.8
time="2022-12-08T16:44:22.053672383Z" level=info msg="loading plugin \"io.containerd.content.v1.content\"..." type=io.containerd.content.v1
time="2022-12-08T16:44:22.053966980Z" level=info msg="loading plugin \"io.containerd.snapshotter.v1.devmapper\"..." type=io.containerd.snapshotter.v1
time="2022-12-08T16:44:22.054004184Z" level=warning msg="failed to load plugin io.containerd.snapshotter.v1.devmapper" error="devmapper not configured"
tim{"timestamp":"2022-12-08T16:44:22.255685618Z","level":"info","source":"worker","message":"worker.garden.started","data":{"session":"1"}}
{"timestamp":"2022-12-08T16:44:23.042292144Z","level":"info","source":"worker","message":"worker.beacon-runner.beacon.forward-conn.retrying","data":{"addr":"127.0.0.1:7777","network":"tcp","session":"4.1.4"}}
{"timestamp":"2022-12-08T16:44:23.125207712Z","level":"info","source":"worker","message":"worker.beacon-runner.beacon.registered","data":{"session":"4.1"}}
{"timestamp":"2022-12-08T16:46:25.617915005Z","level":"info","source":"baggageclaim","message":"baggageclaim.api.volume-server.get-volume.get-volume.volume-not-found","data":{"session":"4.1.10.1","volume":"0bb892a8-4d91-4d03-42b8-bc9494f3e345"}}
{"timestamp":"2022-12-08T16:46:25.617959549Z","level":"info","source":"baggageclaim","message":"baggageclaim.api.volume-server.get-volume.volume-not-found","data":{"session":"4.1.10","volume":"0bb892a8-4d91-4d03-42b8-bc9494f3e345"}}
{"timestamp":"2022-12-08T16:46:30.132830106Z","level":"info","source":"baggageclaim","message":"baggageclaim.api.volume-server.get-volume.get-volume.volume-not-found","data":{"session":"4.1.18.1","volume":"5794441e-aae1-4acf-50ea-d8d3cc7c6892"}}
{"timestamp":"2022-12-08T16:46:30.132871947Z","level":"info","source":"baggageclaim","message":"baggageclaim.api.volume-server.get-volume.volume-not-found","data":{"session":"4.1.18","volume":"5794441e-aae1-4acf-50ea-d8d3cc7c6892"}}
{"timestamp":"2022-12-08T16:46:30.701001155Z","level":"info","source":"baggageclaim","message":"baggageclaim.api.volume-server.get-volume.get-volume.volume-not-found","data":{"session":"4.1.23.1","volume":"06101770-5163-4b6f-71a2-46450358f7bc"}}
{"timestamp":"2022-12-08T16:46:30.701038503Z","level":"info","source":"baggageclaim","message":"baggageclaim.api.volume-server.get-volume.volume-not-found","data":{"session":"4.1.23","volume":"06101770-5163-4b6f-71a2-46450358f7bc"}}
{"timestamp":"2022-12-08T16:46:30.721580534Z","level":"info","source":"baggageclaim","message":"baggageclaim.api.volume-server.get-volume.get-volume.volume-not-found","data":{"session":"4.1.27.1","volume":"65b456d2-3639-41ec-42f8-5229bc9495ad"}}
{"timestamp":"2022-12-08T16:46:30.721619603Z","level":"info","source":"baggageclaim","message":"baggageclaim.api.volume-server.get-volume.volume-not-found","data":{"session":"4.1.27","volume":"65b456d2-3639-41ec-42f8-5229bc9495ad"}}
{"timestamp":"2022-12-08T16:46:31.093307062Z","level":"info","source":"worker","message":"worker.garden.garden-server.create.created","data":{"request":{"Handle":"7af3efde-4602-43d4-4c84-1f6156b94881","GraceTime":0,"RootFSPath":"raw:///worker-state/volumes/live/5794441e-aae1-4acf-50ea-d8d3cc7c6892/volume","BindMounts":[{"src_path":"/worker-state/volumes/live/06101770-5163-4b6f-71a2-46450358f7bc/volume","dst_path":"/scratch","mode":1},{"src_path":"/worker-state/volumes/live/65b456d2-3639-41ec-42f8-5229bc9495ad/volume","dst_path":"/tmp/build/get","mode":1}],"Network":"","Privileged":false,"Limits":{"bandwidth_limits":{},"cpu_limits":{},"disk_limits":{},"memory_limits":{},"pid_limits":{}}},"session":"1.2.11"}}
{"timestamp":"2022-12-08T16:46:31.118304691Z","level":"info","source":"worker","message":"worker.garden.garden-server.get-properties.got-properties","data":{"handle":"7af3efde-4602-43d4-4c84-1f6156b94881","session":"1.2.12"}}
{"timestamp":"2022-12-08T16:46:31.121925710Z","level":"info","source":"worker","message":"worker.garden.garden-server.get-properties.got-properties","data":{"handle":"7af3efde-4602-43d4-4c84-1f6156b94881","session":"1.2.13"}}
{"timestamp":"2022-12-08T16:46:31.127735731Z","level":"error","source":"worker","message":"worker.garden.garden-server.attach.failed","data":{"error":"load proc: no running process found: process does not exist resource: not found","handle":"7af3efde-4602-43d4-4c84-1f6156b94881","session":"1.2.14"}}
{"timestamp":"2022-12-08T16:46:31.132628918Z","level":"info","source":"worker","message":"worker.garden.garden-server.get-properties.got-properties","data":{"handle":"7af3efde-4602-43d4-4c84-1f6156b94881","session":"1.2.15"}}
{"timestamp":"2022-12-08T16:46:31.243073434Z","level":"info","source":"worker","message":"worker.garden.garden-server.run.spawned","data":{"handle":"7af3efde-4602-43d4-4c84-1f6156b94881","id":"resource","session":"1.2.16","spec":{"Path":"/opt/resource/in","Dir":"","User":"","Limits":{},"TTY":null}}}
{"timestamp":"2022-12-08T16:46:32.478673152Z","level":"info","source":"worker","message":"worker.garden.garden-server.run.exited","data":{"handle":"7af3efde-4602-43d4-4c84-1f6156b94881","id":"resource","session":"1.2.16","status":0}}
{"timestamp":"2022-12-08T16:46:32.595104008Z","level":"info","source":"baggageclaim","message":"baggageclaim.api.volume-server.get-volume.get-volume.volume-not-found","data":{"session":"4.1.36.1","volume":"315e80a6-aa89-47f7-419b-27e077b710f6"}}
{"timestamp":"2022-12-08T16:46:32.595152463Z","level":"info","source":"baggageclaim","message":"baggageclaim.api.volume-server.get-volume.volume-not-found","data":{"session":"4.1.36","volume":"315e80a6-aa89-47f7-419b-27e077b710f6"}}
{"timestamp":"2022-12-08T16:46:39.213900309Z","level":"info","source":"baggageclaim","message":"baggageclaim.api.volume-server.get-volume.get-volume.volume-not-found","data":{"session":"4.1.45.1","volume":"091e0f49-1ad5-49ed-606e-784e84c3c846"}}
{"timestamp":"2022-12-08T16:46:39.213938931Z","level":"info","source":"baggageclaim","message":"baggageclaim.api.volume-server.get-volume.volume-not-found","data":{"session":"4.1.45","volume":"091e0f49-1ad5-49ed-606e-784e84c3c846"}}
{"timestamp":"2022-12-08T16:46:39.839882612Z","level":"info","source":"baggageclaim","message":"baggageclaim.api.volume-server.get-volume.get-volume.volume-not-found","data":{"session":"4.1.50.1","volume":"bbc5eefb-3b64-433a-53fb-1283849c0979"}}
{"timestamp":"2022-12-08T16:46:39.839920666Z","level":"info","source":"baggageclaim","message":"baggageclaim.api.volume-server.get-volume.volume-not-found","data":{"session":"4.1.50","volume":"bbc5eefb-3b64-433a-53fb-1283849c0979"}}
{"timestamp":"2022-12-08T16:46:40.078137278Z","level":"info","source":"worker","message":"worker.garden.garden-server.create.created","data":{"request":{"Handle":"2390b2b6-b6b5-44c1-5026-3c23db6ca2d1","GraceTime":0,"RootFSPath":"raw:///worker-state/volumes/live/091e0f49-1ad5-49ed-606e-784e84c3c846/volume","BindMounts":[{"src_path":"/worker-state/volumes/live/bbc5eefb-3b64-433a-53fb-1283849c0979/volume","dst_path":"/scratch","mode":1}],"Network":"","Privileged":true,"Limits":{"bandwidth_limits":{},"cpu_limits":{},"disk_limits":{},"memory_limits":{},"pid_limits":{}}},"session":"1.2.20"}}
{"timestamp":"2022-12-08T16:46:40.113385369Z","level":"info","source":"worker","message":"worker.garden.garden-server.get-properties.got-properties","data":{"handle":"2390b2b6-b6b5-44c1-5026-3c23db6ca2d1","session":"1.2.21"}}
{"timestamp":"2022-12-08T16:46:40.158779576Z","level":"info","source":"worker","message":"worker.garden.garden-server.run.spawned","data":{"handle":"2390b2b6-b6b5-44c1-5026-3c23db6ca2d1","id":"e788595a-5849-4dee-7352-b0680578bfbc","session":"1.2.22","spec":{"Path":"/opt/resource/ctime="2022-12-08T16:46:42.052705789Z" level=info msg="loading plugin \"io.containerd.event.v1.publisher\"..." runtime=io.containerd.runc.v2 type=io.containerd.event.v1
time="2022-12-08T16:46:42.052790831Z" level=info msg="loading plugin \"io.containerd.internal.v1.shutdown\"..." runtime=io.containerd.runc.v2 type=io.containerd.internal.v1
time="2022-12-08T16:46:42.052806940Z" level=info msg="loading plugin \"io.containerd.ttrpc.v1.task\"..." runtime=io.containerd.runc.v2 type=io.containerd.ttrpc.v1
time="2022-12-08T16:46:42.056531210Z" level=info msg="starting signal loop" namespace=concourse path=/run/containerd/io.containerd.runtime.v2.task/concourse/0506a754-5405-4246-6cf9-c2dc2fcff4b1 pid=439 runtime=io.containerd.runc.v2
time="2022-12-08T16:46:54.632973088Z" level=info msg="loading plugin \"io.containerd.event.v1.publisher\"..." runtime=io.containerd.runc.v2 type=io.containerd.event.v1
time="2022-12-08T16:46:54.633193004Z" level=info msg="loading plugin \"io.containerd.internal.v1.shutdown\"..." runtime=io.containerd.runc.v2 type=io.containerd.internal.v1
time="2022-12-08T16:46:54.633269067Z" level=info msg="loading plugin \"io.containerd.ttrpc.v1.task\"..." runtime=io.containerd.runc.v2 type=io.containerd.ttrpc.v1
time="2022-12-08T16:46:54.633541977Z" level=info msg="starting signal loop" namespace=concourse path=/run/containerd/io.containerd.runtime.v2.task/concourse/81d8f738-5228-40c6-55a6-accdfc9bbd5d pid=1012 runtime=io.containerd.runc.v2
time="2022-12-08T16:47:52.363065951Z" level=info msg="shim disconnected" id=81d8f738-5228-40c6-55a6-accdfc9bbd5d
time="2022-12-08T16:47:52.363319986Z" level=warning msg="cleaning up after shim disconnected" id=81d8f738-5228-40c6-55a6-accdfc9bbd5d namespace=concourse
time="2022-12-08T16:47:52.363439627Z" level=info msg="cleaning up dead shim"
time="2022-12-08T16:47:52.383255346Z" level=info msg="shim disconnected" id=7af3efde-4602-43d4-4c84-1f6156b94881
time="2022-12-08T16:47:52.383459994Z" level=warning msg="cleaning up after shim disconnected" id=7af3efde-4602-43d4-4c84-1f6156b94881 namespace=concourse
time="2022-12-08T16:47:52.383556893Z" level=info msg="cleaning up dead shim"
time="2022-12-08T16:47:52.412067246Z" level=warning msg="cleanup warnings time=\"2022-12-08T16:47:52Z\" level=info msg=\"starting signal loop\" namespace=concourse pid=1270 runtime=io.containerd.runc.v2\n"
time="2022-12-08T16:47:52.425785509Z" level=warning msg="cleanup warnings time=\"2022-12-08T16:47:52Z\" level=info msg=\"starting signal loop\" namespace=concourse pid=1279 runtime=io.containerd.runc.v2\n"
time="2022-12-08T16:47:52.428314559Z" level=info msg="shim disconnected" id=0506a754-5405-4246-6cf9-c2dc2fcff4b1
time="2022-12-08T16:47:52.428363760Z" level=warning msg="cleaning up after shim disconnected" id=0506a754-5405-4246-6cf9-c2dc2fcff4b1 namespace=concourse
time="2022-12-08T16:47:52.428375033Z" level=info msg="cleaning up dead shim"
time="2022-12-08T16:47:52.436986320Z" level=warning msg="cleanup warnings time=\"2022-12-08T16:47:52Z\" level=info msg=\"starting signal loop\" namespace=concourse pid=1304 runtime=io.containerd.runc.v2\n"
time="2022-12-08T16:47:53.367308133Z" level=info msg="shim disconnected" id=2390b2b6-b6b5-44c1-5026-3c23db6ca2d1
time="2022-12-08T16:47:53.367364362Z" level=warning msg="cleaning up after shim disconnected" id=2390b2b6-b6b5-44c1-5026-3c23db6ca2d1 namespace=concourse
time="2022-12-08T16:47:53.367641798Z" level=info msg="cleaning up dead shim"
time="2022-12-08T16:47:53.375402306Z" level=warning msg="cleanup warnings time=\"2022-12-08T16:47:53Z\" level=info msg=\"starting signal loop\" namespace=concourse pid=1335 runtime=io.containerd.runc.v2\n"
:{"Path":"/opt/resource/in","Dir":"","User":"","Limits":{},"TTY":null}}}
{"timestamp":"2022-12-08T16:46:53.967874097Z","level":"info","source":"worker","message":"worker.garden.garden-server.run.exited","data":{"handle":"0506a754-5405-4246-6cf9-c2dc2fcff4b1","id":"resource","session":"1.2.30","status":0}}
{"timestamp":"2022-12-08T16:46:54.097339670Z","level":"info","source":"baggageclaim","message":"baggageclaim.api.volume-server.get-volume.get-volume.volume-not-found","data":{"session":"4.1.76.1","volume":"950f0b2f-7ea8-4135-5ca7-d663a5ce0bf5"}}
{"timestamp":"2022-12-08T16:46:54.097374918Z","level":"info","source":"baggageclaim","message":"baggageclaim.api.volume-server.get-volume.volume-not-found","data":{"session":"4.1.76","volume":"950f0b2f-7ea8-4135-5ca7-d663a5ce0bf5"}}
{"timestamp":"2022-12-08T16:46:54.528987875Z","level":"info","source":"baggageclaim","message":"baggageclaim.api.volume-server.get-volume.get-volume.volume-not-found","data":{"session":"4.1.82.1","volume":"f42ad313-b6d3-4a9e-4839-b4099f040a29"}}
{"timestamp":"2022-12-08T16:46:54.529036714Z","level":"info","source":"baggageclaim","message":"baggageclaim.api.volume-server.get-volume.volume-not-found","data":{"session":"4.1.82","volume":"f42ad313-b6d3-4a9e-4839-b4099f040a29"}}
{"timestamp":"2022-12-08T16:46:54.551851492Z","level":"info","source":"baggageclaim","message":"baggageclaim.api.volume-server.get-volume.get-volume.volume-not-found","data":{"session":"4.1.86.1","volume":"19459470-f8cb-4ff0-776a-f9eafddf6320"}}
{"timestamp":"2022-12-08T16:46:54.551891810Z","level":"info","source":"baggageclaim","message":"baggageclaim.api.volume-server.get-volume.volume-not-found","data":{"session":"4.1.86","volume":"19459470-f8cb-4ff0-776a-f9eafddf6320"}}
{"timestamp":"2022-12-08T16:46:54.573666585Z","level":"info","source":"baggageclaim","message":"baggageclaim.api.volume-server.get-volume.get-volume.volume-not-found","data":{"session":"4.1.90.1","volume":"c38aa8b5-eeda-4cbf-570c-d1fa57a971da"}}
{"timestamp":"2022-12-08T16:46:54.573699973Z","level":"info","source":"baggageclaim","message":"baggageclaim.api.volume-server.get-volume.volume-not-found","data":{"session":"4.1.90","volume":"c38aa8b5-eeda-4cbf-570c-d1fa57a971da"}}
{"timestamp":"2022-12-08T16:46:54.822252294Z","level":"info","source":"worker","message":"worker.garden.garden-server.create.created","data":{"request":{"Handle":"81d8f738-5228-40c6-55a6-accdfc9bbd5d","GraceTime":0,"RootFSPath":"raw:///worker-state/volumes/live/950f0b2f-7ea8-4135-5ca7-d663a5ce0bf5/volume/rootfs","BindMounts":[{"src_path":"/worker-state/volumes/live/f42ad313-b6d3-4a9e-4839-b4099f040a29/volume","dst_path":"/scratch","mode":1},{"src_path":"/worker-state/volumes/live/c38aa8b5-eeda-4cbf-570c-d1fa57a971da/volume","dst_path":"/tmp/build/a94a8fe5","mode":1},{"src_path":"/worker-state/volumes/live/19459470-f8cb-4ff0-776a-f9eafddf6320/volume","dst_path":"/tmp/build/a94a8fe5/repo","mode":1}],"Network":"","Privileged":false,"Limits":{"bandwidth_limits":{},"cpu_limits":{},"disk_limits":{},"memory_limits":{},"pid_limits":{}}},"session":"1.2.36"}}
{"timestamp":"2022-12-08T16:46:54.859361468Z","level":"info","source":"worker","message":"worker.garden.garden-server.get-properties.got-properties","data":{"handle":"81d8f738-5228-40c6-55a6-accdfc9bbd5d","session":"1.2.37"}}
{"timestamp":"2022-12-08T16:46:54.863720134Z","level":"error","source":"worker","message":"worker.garden.garden-server.attach.failed","data":{"error":"load proc: no running process found: process does not exist task: not found","handle":"81d8f738-5228-40c6-55a6-accdfc9bbd5d","session":"1.2.38"}}
{"timestamp":"2022-12-08T16:46:54.868460153Z","level":"info","source":"worker","message":"worker.garden.garden-server.get-properties.got-properties","data":{"handle":"81d8f738-5228-40c6-55a6-accdfc9bbd5d","session":"1.2.39"}}
{"timestamp":"2022-12-08T16:46:54.946413910Z","level":"info","source":"worker","message":"worker.garden.garden-server.run.spawned","data":{"handle":"81d8f738-5228-40c6-55a6-accdfc9bbd5d","id":"task","session":"1.2.40","spec":{"Path":"repo/ci/task.sh","Dir":"/tmp/build/a94a8fe5","User":"root","Limits":{},"TTY":{"window_size":{"columns":500,"rows":500}}}}}
{"timestamp":"2022-12-08T16:46:54.949367473Z","level":"info","source":"worker","message":"worker.garden.garden-server.run.exited","data":{"handle":"81d8f738-5228-40c6-55a6-accdfc9bbd5d","id":"task","session":"1.2.40","status":0}}
{"timestamp":"2022-12-08T16:47:52.422972193Z","level":"info","source":"worker","message":"worker.garden.garden-server.destroy.destroyed","data":{"handle":"81d8f738-5228-40c6-55a6-accdfc9bbd5d","session":"1.2.45"}}
{"timestamp":"2022-12-08T16:47:52.430647509Z","level":"info","source":"worker","message":"worker.garden.garden-server.destroy.destroyed","data":{"handle":"7af3efde-4602-43d4-4c84-1f6156b94881","session":"1.2.46"}}
{"timestamp":"2022-12-08T16:47:52.444489963Z","level":"info","source":"worker","message":"worker.garden.garden-server.destroy.destroyed","data":{"handle":"0506a754-5405-4246-6cf9-c2dc2fcff4b1","session":"1.2.48"}}
{"timestamp":"2022-12-08T16:47:53.379020431Z","level":"info","source":"worker","message":"worker.garden.garden-server.destroy.destroyed","data":{"handle":"2390b2b6-b6b5-44c1-5026-3c23db6ca2d1","session":"1.2.47"}}
